0 info it worked if it ends with ok
1 verbose cli [ '/usr/bin/node', '/usr/bin/npm', 'install', '-g', 'n' ]
2 info using npm@1.4.28
3 info using node@v0.10.37
4 verbose node symlink /usr/bin/node
5 verbose cache add [ 'n', null ]
6 verbose cache add name=undefined spec="n" args=["n",null]
7 verbose parsed url { protocol: null,
7 verbose parsed url   slashes: null,
7 verbose parsed url   auth: null,
7 verbose parsed url   host: null,
7 verbose parsed url   port: null,
7 verbose parsed url   hostname: null,
7 verbose parsed url   hash: null,
7 verbose parsed url   search: null,
7 verbose parsed url   query: null,
7 verbose parsed url   pathname: 'n',
7 verbose parsed url   path: 'n',
7 verbose parsed url   href: 'n' }
8 silly lockFile d1854cae-n n
9 verbose lock n /home/kylin/.npm/d1854cae-n.lock
10 silly lockFile d1854cae-n n
11 silly lockFile d1854cae-n n
12 verbose addNamed [ 'n', '' ]
13 verbose addNamed [ null, '*' ]
14 silly lockFile 6b58d7dc-n n@
15 verbose lock n@ /home/kylin/.npm/6b58d7dc-n.lock
16 silly addNameRange { name: 'n', range: '*', hasData: false }
17 verbose request where is /n
18 verbose request registry https://registry.npmjs.org/
19 verbose request id 7387c1408c9c40d4
20 verbose url raw /n
21 verbose url resolving [ 'https://registry.npmjs.org/', './n' ]
22 verbose url resolved https://registry.npmjs.org/n
23 verbose request where is https://registry.npmjs.org/n
24 info trying registry request attempt 1 at 23:21:01
25 verbose etag "2YQ1AU3SFCCQACGCQLZHM2SB2"
26 http GET https://registry.npmjs.org/n
27 http 304 https://registry.npmjs.org/n
28 silly registry.get cb [ 304,
28 silly registry.get   { date: 'Mon, 11 Jan 2016 15:21:02 GMT',
28 silly registry.get     via: '1.1 varnish',
28 silly registry.get     'cache-control': 'max-age=300',
28 silly registry.get     etag: '"2YQ1AU3SFCCQACGCQLZHM2SB2"',
28 silly registry.get     age: '0',
28 silly registry.get     connection: 'keep-alive',
28 silly registry.get     'x-served-by': 'cache-nrt6126-NRT',
28 silly registry.get     'x-cache': 'HIT',
28 silly registry.get     'x-cache-hits': '1',
28 silly registry.get     'x-timer': 'S1452525662.116092,VS0,VE694',
28 silly registry.get     vary: 'Accept' } ]
29 verbose etag https://registry.npmjs.org/n from cache
30 silly addNameRange number 2 { name: 'n', range: '*', hasData: true }
31 silly addNameRange versions [ 'n',
31 silly addNameRange   [ '0.0.1',
31 silly addNameRange     '0.0.2',
31 silly addNameRange     '0.0.3',
31 silly addNameRange     '0.0.4',
31 silly addNameRange     '0.1.0',
31 silly addNameRange     '0.1.1',
31 silly addNameRange     '0.1.2',
31 silly addNameRange     '0.2.0',
31 silly addNameRange     '0.2.1',
31 silly addNameRange     '0.2.2',
31 silly addNameRange     '0.3.0',
31 silly addNameRange     '0.4.0',
31 silly addNameRange     '0.4.1',
31 silly addNameRange     '0.4.2',
31 silly addNameRange     '0.5.0',
31 silly addNameRange     '0.5.1',
31 silly addNameRange     '0.5.2',
31 silly addNameRange     '0.5.3',
31 silly addNameRange     '0.5.4',
31 silly addNameRange     '0.6.0',
31 silly addNameRange     '0.6.1',
31 silly addNameRange     '0.7.0',
31 silly addNameRange     '0.7.1',
31 silly addNameRange     '0.7.2',
31 silly addNameRange     '0.7.3',
31 silly addNameRange     '0.8.0',
31 silly addNameRange     '0.8.1',
31 silly addNameRange     '0.8.2',
31 silly addNameRange     '0.9.0',
31 silly addNameRange     '0.9.1',
31 silly addNameRange     '0.9.2',
31 silly addNameRange     '0.9.3',
31 silly addNameRange     '1.0.0',
31 silly addNameRange     '1.1.0',
31 silly addNameRange     '1.2.1',
31 silly addNameRange     '1.2.2',
31 silly addNameRange     '1.2.3',
31 silly addNameRange     '1.2.4',
31 silly addNameRange     '1.2.5',
31 silly addNameRange     '1.2.6',
31 silly addNameRange     '1.2.7',
31 silly addNameRange     '1.2.8',
31 silly addNameRange     '1.2.9',
31 silly addNameRange     '1.2.11',
31 silly addNameRange     '1.2.13',
31 silly addNameRange     '1.2.14',
31 silly addNameRange     '1.3.0',
31 silly addNameRange     '1.4.0',
31 silly addNameRange     '2.0.0',
31 silly addNameRange     '1.4.1',
31 silly addNameRange     '2.0.1',
31 silly addNameRange     '1.4.2',
31 silly addNameRange     '2.0.2',
31 silly addNameRange     '2.1.0' ] ]
32 verbose addNamed [ 'n', '2.1.0' ]
33 verbose addNamed [ '2.1.0', '2.1.0' ]
34 silly lockFile 0a8123fc-n-2-1-0 n@2.1.0
35 verbose lock n@2.1.0 /home/kylin/.npm/0a8123fc-n-2-1-0.lock
36 silly lockFile 0a8123fc-n-2-1-0 n@2.1.0
37 silly lockFile 0a8123fc-n-2-1-0 n@2.1.0
38 silly lockFile 6b58d7dc-n n@
39 silly lockFile 6b58d7dc-n n@
40 silly resolved [ { name: 'n',
40 silly resolved     description: 'Interactively Manage All Your Node Versions',
40 silly resolved     version: '2.1.0',
40 silly resolved     author: { name: 'TJ Holowaychuk', email: 'tj@vision-media.ca' },
40 silly resolved     homepage: 'https://github.com/tj/n',
40 silly resolved     bugs: { url: 'https://github.com/tj/n/issues' },
40 silly resolved     contributors: [ [Object], [Object], [Object] ],
40 silly resolved     keywords:
40 silly resolved      [ 'nvm',
40 silly resolved        'node',
40 silly resolved        'version',
40 silly resolved        'manager',
40 silly resolved        'switcher',
40 silly resolved        'node',
40 silly resolved        'binary',
40 silly resolved        'env' ],
40 silly resolved     bin: { n: './bin/n' },
40 silly resolved     repository: { type: 'git', url: 'git://github.com/tj/n.git' },
40 silly resolved     preferGlobal: true,
40 silly resolved     os: [ '!win32' ],
40 silly resolved     engines: { node: '*' },
40 silly resolved     license: 'MIT',
40 silly resolved     gitHead: '17ef0bf936c9ddb57b174d79f81ae04d8257883e',
40 silly resolved     _id: 'n@2.1.0',
40 silly resolved     scripts: {},
40 silly resolved     _shasum: '4fc736dc18291e464c79fda9ef8faf21e6e1a679',
40 silly resolved     _from: 'n@',
40 silly resolved     _npmVersion: '3.3.12',
40 silly resolved     _nodeVersion: '5.3.0',
40 silly resolved     _npmUser: { name: 'qw3rtman', email: 'me@nimit.io' },
40 silly resolved     dist:
40 silly resolved      { shasum: '4fc736dc18291e464c79fda9ef8faf21e6e1a679',
40 silly resolved        tarball: 'http://registry.npmjs.org/n/-/n-2.1.0.tgz' },
40 silly resolved     maintainers: [ [Object], [Object], [Object], [Object], [Object], [Object] ],
40 silly resolved     directories: {},
40 silly resolved     _resolved: 'https://registry.npmjs.org/n/-/n-2.1.0.tgz',
40 silly resolved     readme: 'ERROR: No README data found!' } ]
41 info install n@2.1.0 into /usr/lib
42 info installOne n@2.1.0
43 verbose lib/node_modules/n unbuild
44 verbose tar unpack /home/kylin/.npm/n/2.1.0/package.tgz
45 silly lockFile fbc6e631-tar-usr-lib-node-modules-n tar:///usr/lib/node_modules/n
46 verbose lock tar:///usr/lib/node_modules/n /home/kylin/.npm/fbc6e631-tar-usr-lib-node-modules-n.lock
47 silly lockFile d155d04d-me-kylin-npm-n-2-1-0-package-tgz tar:///home/kylin/.npm/n/2.1.0/package.tgz
48 verbose lock tar:///home/kylin/.npm/n/2.1.0/package.tgz /home/kylin/.npm/d155d04d-me-kylin-npm-n-2-1-0-package-tgz.lock
49 silly gunzTarPerm modes [ '775', '664' ]
50 error Error: EACCES, mkdir '/usr/lib/node_modules/n'
50 error  { [Error: EACCES, mkdir '/usr/lib/node_modules/n']
50 error   errno: 3,
50 error   code: 'EACCES',
50 error   path: '/usr/lib/node_modules/n',
50 error   fstream_type: 'Directory',
50 error   fstream_path: '/usr/lib/node_modules/n',
50 error   fstream_class: 'DirWriter',
50 error   fstream_stack:
50 error    [ '/usr/lib/node_modules/npm/node_modules/fstream/lib/dir-writer.js:36:23',
50 error      '/usr/lib/node_modules/npm/node_modules/mkdirp/index.js:46:53',
50 error      'Object.oncomplete (fs.js:108:15)' ] }
51 error Please try running this command again as root/Administrator.
52 error System Linux 3.13.0-36-generic
53 error command "/usr/bin/node" "/usr/bin/npm" "install" "-g" "n"
54 error cwd /home/kylin/Documents/mycode/FrontEnd/js
55 error node -v v0.10.37
56 error npm -v 1.4.28
57 error path /usr/lib/node_modules/n
58 error fstream_path /usr/lib/node_modules/n
59 error fstream_type Directory
60 error fstream_class DirWriter
61 error code EACCES
62 error errno 3
63 error stack Error: EACCES, mkdir '/usr/lib/node_modules/n'
64 error fstream_stack /usr/lib/node_modules/npm/node_modules/fstream/lib/dir-writer.js:36:23
64 error fstream_stack /usr/lib/node_modules/npm/node_modules/mkdirp/index.js:46:53
64 error fstream_stack Object.oncomplete (fs.js:108:15)
65 verbose exit [ 3, true ]
